  Source.cpp
C:\Users\Екатерина\source\repos\пробник\пробник\Source.cpp(748,12): warning C4566: символ, представленный универсальным именем символа "\u00CA", невозможно представить в текущей кодовой странице (1251)
C:\Users\Екатерина\source\repos\пробник\пробник\Source.cpp(748,12): warning C4566: символ, представленный универсальным именем символа "\u00EE", невозможно представить в текущей кодовой странице (1251)
C:\Users\Екатерина\source\repos\пробник\пробник\Source.cpp(748,12): warning C4566: символ, представленный универсальным именем символа "\u00EC", невозможно представить в текущей кодовой странице (1251)
C:\Users\Екатерина\source\repos\пробник\пробник\Source.cpp(748,12): warning C4566: символ, представленный универсальным именем символа "\u00EF", невозможно представить в текущей кодовой странице (1251)
C:\Users\Екатерина\source\repos\пробник\пробник\Source.cpp(748,12): warning C4566: символ, представленный универсальным именем символа "\u00FC", невозможно представить в текущей кодовой странице (1251)
C:\Users\Екатерина\source\repos\пробник\пробник\Source.cpp(748,12): warning C4566: символ, представленный универсальным именем символа "\u00FE", невозможно представить в текущей кодовой странице (1251)
C:\Users\Екатерина\source\repos\пробник\пробник\Source.cpp(748,12): warning C4566: символ, представленный универсальным именем символа "\u00F2", невозможно представить в текущей кодовой странице (1251)
C:\Users\Екатерина\source\repos\пробник\пробник\Source.cpp(748,12): warning C4566: символ, представленный универсальным именем символа "\u00E5", невозможно представить в текущей кодовой странице (1251)
C:\Users\Екатерина\source\repos\пробник\пробник\Source.cpp(748,12): warning C4566: символ, представленный универсальным именем символа "\u00F0", невозможно представить в текущей кодовой странице (1251)
C:\Users\Екатерина\source\repos\пробник\пробник\Source.cpp(748,12): warning C4566: символ, представленный универсальным именем символа "\u00F1", невозможно представить в текущей кодовой странице (1251)
C:\Users\Екатерина\source\repos\пробник\пробник\Source.cpp(748,12): warning C4566: символ, представленный универсальным именем символа "\u00E1", невозможно представить в текущей кодовой странице (1251)
C:\Users\Екатерина\source\repos\пробник\пробник\Source.cpp(748,12): warning C4566: символ, представленный универсальным именем символа "\u00E0", невозможно представить в текущей кодовой странице (1251)
C:\Users\Екатерина\source\repos\пробник\пробник\Source.cpp(748,12): warning C4566: символ, представленный универсальным именем символа "\u00EB", невозможно представить в текущей кодовой странице (1251)
C:\Users\Екатерина\source\repos\пробник\пробник\Source.cpp(748,12): warning C4566: символ, представленный универсальным именем символа "\u00EA", невозможно представить в текущей кодовой странице (1251)
C:\Users\Екатерина\source\repos\пробник\пробник\Source.cpp(748,12): warning C4566: символ, представленный универсальным именем символа "\u00E2", невозможно представить в текущей кодовой странице (1251)
C:\Users\Екатерина\source\repos\пробник\пробник\Source.cpp(748,12): warning C4566: символ, представленный универсальным именем символа "\u00E4", невозможно представить в текущей кодовой странице (1251)
C:\Users\Екатерина\source\repos\пробник\пробник\Source.cpp(756,12): warning C4566: символ, представленный универсальным именем символа "\u00C2", невозможно представить в текущей кодовой странице (1251)
C:\Users\Екатерина\source\repos\пробник\пробник\Source.cpp(756,12): warning C4566: символ, представленный универсальным именем символа "\u00FB", невозможно представить в текущей кодовой странице (1251)
C:\Users\Екатерина\source\repos\пробник\пробник\Source.cpp(756,12): warning C4566: символ, представленный универсальным именем символа "\u00F1", невозможно представить в текущей кодовой странице (1251)
C:\Users\Екатерина\source\repos\пробник\пробник\Source.cpp(756,12): warning C4566: символ, представленный универсальным именем символа "\u00EE", невозможно представить в текущей кодовой странице (1251)
C:\Users\Екатерина\source\repos\пробник\пробник\Source.cpp(756,12): warning C4566: символ, представленный универсальным именем символа "\u00E1", невозможно представить в текущей кодовой странице (1251)
C:\Users\Екатерина\source\repos\пробник\пробник\Source.cpp(756,12): warning C4566: символ, представленный универсальным именем символа "\u00F0", невозможно представить в текущей кодовой странице (1251)
C:\Users\Екатерина\source\repos\пробник\пробник\Source.cpp(756,12): warning C4566: символ, представленный универсальным именем символа "\u00E0", невозможно представить в текущей кодовой странице (1251)
C:\Users\Екатерина\source\repos\пробник\пробник\Source.cpp(756,12): warning C4566: символ, представленный универсальным именем символа "\u00EB", невозможно представить в текущей кодовой странице (1251)
C:\Users\Екатерина\source\repos\пробник\пробник\Source.cpp(756,12): warning C4566: символ, представленный универсальным именем символа "\u00E8", невозможно представить в текущей кодовой странице (1251)
C:\Users\Екатерина\source\repos\пробник\пробник\Source.cpp(756,12): warning C4566: символ, представленный универсальным именем символа "\u00EA", невозможно представить в текущей кодовой странице (1251)
C:\Users\Екатерина\source\repos\пробник\пробник\Source.cpp(756,12): warning C4566: символ, представленный универсальным именем символа "\u00E2", невозможно представить в текущей кодовой странице (1251)
C:\Users\Екатерина\source\repos\пробник\пробник\Source.cpp(756,12): warning C4566: символ, представленный универсальным именем символа "\u00E4", невозможно представить в текущей кодовой странице (1251)
C:\Users\Екатерина\source\repos\пробник\пробник\Source.cpp(756,12): warning C4566: символ, представленный универсальным именем символа "\u00F2", невозможно представить в текущей кодовой странице (1251)
  пробник.vcxproj -> C:\Users\Екатерина\source\repos\пробник\x64\Debug\пробник.exe
